<?xml version="1.0" encoding="UTF-8"?>
<!-- Generated by org.testng.reporters.JUnitReportReporter -->
<testsuite hostname="LP00135" failures="0" tests="2" name="ViaAutoPack.LoginPage" time="0.000" errors="0" timestamp="2021-02-01T21:09:20 IST" skipped="2">
  <testcase classname="ViaAutoPack.LoginPage" name="validateLoginPage" time="0.000">
    <skipped/>
  </testcase> <!-- validateLoginPage -->
  <system-out/>
  <testcase classname="ViaAutoPack.LoginPage" name="validateLoginPage" time="0.000">
    <skipped/>
  </testcase> <!-- validateLoginPage -->
  <system-out/>
</testsuite> <!-- ViaAutoPack.LoginPage -->
