<?xml version="1.0" encoding="UTF-8"?>
<!-- Generated by org.testng.reporters.JUnitReportReporter -->
<testsuite hostname="LP00135" failures="0" tests="1" name="ViaAutoPack.HeirarchyPageTest" time="0.000" errors="0" timestamp="2021-02-01T21:09:20 IST" skipped="1">
  <testcase classname="ViaAutoPack.HeirarchyPageTest" name="validateLandingPage" time="0.000">
    <skipped/>
  </testcase> <!-- validateLandingPage -->
  <system-out/>
</testsuite> <!-- ViaAutoPack.HeirarchyPageTest -->
