<?xml version="1.0" encoding="UTF-8"?>
<!-- Generated by org.testng.reporters.JUnitReportReporter -->
<testsuite hostname="LP00135" failures="0" tests="1" name="ViaAutoPack.ActivitySchedule" time="12.050" errors="0" timestamp="2021-02-01T21:10:27 IST" skipped="0">
  <testcase classname="ViaAutoPack.ActivitySchedule" name="activityScheduleTabTest" time="12.050"/>
  <system-out/>
</testsuite> <!-- ViaAutoPack.ActivitySchedule -->
