<?xml version="1.0" encoding="UTF-8"?>
<!-- Generated by org.testng.reporters.JUnitReportReporter -->
<testsuite hostname="LP00135" failures="0" tests="1" name="ViaAutoPack.HeirarchyPageTest" time="13.190" errors="0" timestamp="2020-07-15T14:55:13 IST" skipped="0">
  <testcase classname="ViaAutoPack.HeirarchyPageTest" name="validateLandingPage" time="13.190"/>
  <system-out/>
</testsuite> <!-- ViaAutoPack.HeirarchyPageTest -->
