<?xml version="1.0" encoding="UTF-8"?>
<!-- Generated by org.testng.reporters.JUnitReportReporter -->
<testsuite hostname="LP00135" failures="0" tests="1" name="ViaAutoPack.ActivityScheduleTabTest" time="12.718" errors="0" timestamp="2020-07-15T15:03:59 IST" skipped="0">
  <testcase classname="ViaAutoPack.ActivityScheduleTabTest" name="validateLandingPage" time="12.718"/>
  <system-out/>
</testsuite> <!-- ViaAutoPack.ActivityScheduleTabTest -->
