<?xml version="1.0" encoding="UTF-8"?>
<!-- Generated by org.testng.reporters.JUnitReportReporter -->
<testsuite hostname="LP00135" failures="0" tests="1" name="ViaAutoPack.ActivitySchedule" time="20.746" errors="0" timestamp="2020-07-15T17:44:10 IST" skipped="0">
  <testcase classname="ViaAutoPack.ActivitySchedule" name="activityScheduleTabTest" time="20.746"/>
  <system-out/>
</testsuite> <!-- ViaAutoPack.ActivitySchedule -->
