<?xml version="1.0" encoding="UTF-8"?>
<!-- Generated by org.testng.reporters.JUnitReportReporter -->
<testsuite hostname="LP00135" failures="0" tests="2" name="ViaAutoPack.LoginPage" time="25.134" errors="0" timestamp="2020-07-15T14:55:13 IST" skipped="0">
  <testcase classname="ViaAutoPack.LoginPage" name="validateLoginPage" time="8.454"/>
  <system-out/>
  <testcase classname="ViaAutoPack.LoginPage" name="validateLoginPage" time="16.680"/>
  <system-out/>
</testsuite> <!-- ViaAutoPack.LoginPage -->
